[ 2025-01-04 04:45:58,381 ] 1025 httpx - INFO - HTTP Request: GET https://dagshub.com/api/v1/user "HTTP/1.1 200 OK"
[ 2025-01-04 04:45:58,389 ] 107 dagshub - INFO - Accessing as Arrnv
[ 2025-01-04 04:45:59,024 ] 1025 httpx - INFO - HTTP Request: GET https://dagshub.com/api/v1/repos/Arrnv/NetworkSecurity "HTTP/1.1 200 OK"
[ 2025-01-04 04:45:59,596 ] 1025 httpx - INFO - HTTP Request: GET https://dagshub.com/api/v1/user "HTTP/1.1 200 OK"
[ 2025-01-04 04:45:59,598 ] 107 dagshub - INFO - Initialized MLflow to track repo "Arrnv/NetworkSecurity"
[ 2025-01-04 04:45:59,599 ] 107 dagshub - INFO - Repository Arrnv/NetworkSecurity initialized!
[ 2025-01-04 04:46:00,652 ] 16 root - INFO - Initiate the data ingestion
[ 2025-01-04 04:46:04,145 ] 58 root - INFO - performing the train test split on the dataframe
[ 2025-01-04 04:46:04,145 ] 61 root - INFO - Exporting train test file path
[ 2025-01-04 04:46:04,180 ] 64 root - INFO - Exporting the train test files
[ 2025-01-04 04:46:04,180 ] 18 root - INFO - Data Initiation Completed
[ 2025-01-04 04:46:04,184 ] 22 root - INFO - Initiate the data Validation
[ 2025-01-04 04:46:04,196 ] 33 root - INFO - Required number of columns:31
[ 2025-01-04 04:46:04,196 ] 34 root - INFO - Data frame has columns:31
[ 2025-01-04 04:46:04,196 ] 33 root - INFO - Required number of columns:31
[ 2025-01-04 04:46:04,196 ] 34 root - INFO - Data frame has columns:31
[ 2025-01-04 04:46:04,298 ] 24 root - INFO - data Validation Completed
[ 2025-01-04 04:46:04,298 ] 27 root - INFO - data Transformation started
[ 2025-01-04 04:46:04,298 ] 65 root - INFO - Entered data transformation
[ 2025-01-04 04:46:04,298 ] 67 root - INFO - starting data transformation
[ 2025-01-04 04:46:04,313 ] 49 root - INFO - Entered get_data_trnasformer_object method of Trnasformation class
[ 2025-01-04 04:46:04,313 ] 54 root - INFO - Initialise KNNImputer with {'missing_values': nan, 'n_neighbors': 3, 'weights': 'uniform'}
[ 2025-01-04 04:46:04,325 ] 46 root - INFO - Entered the save_object method of MainUtils class
[ 2025-01-04 04:46:04,328 ] 50 root - INFO - Exited the save_object method of MainUtils class
[ 2025-01-04 04:46:04,328 ] 46 root - INFO - Entered the save_object method of MainUtils class
[ 2025-01-04 04:46:04,332 ] 50 root - INFO - Exited the save_object method of MainUtils class
[ 2025-01-04 04:46:04,333 ] 31 root - INFO - data Transformation completed
[ 2025-01-04 04:46:04,333 ] 32 root - INFO - Model Training stared
