[ 2025-01-04 07:28:44,309 ] 1025 httpx - INFO - HTTP Request: GET https://dagshub.com/api/v1/user "HTTP/1.1 200 OK"
[ 2025-01-04 07:28:44,316 ] 107 dagshub - INFO - Accessing as Arrnv
[ 2025-01-04 07:28:44,928 ] 1025 httpx - INFO - HTTP Request: GET https://dagshub.com/api/v1/repos/Arrnv/NetworkSecurity "HTTP/1.1 200 OK"
[ 2025-01-04 07:28:45,627 ] 1025 httpx - INFO - HTTP Request: GET https://dagshub.com/api/v1/user "HTTP/1.1 200 OK"
[ 2025-01-04 07:28:45,631 ] 107 dagshub - INFO - Initialized MLflow to track repo "Arrnv/NetworkSecurity"
[ 2025-01-04 07:28:45,631 ] 107 dagshub - INFO - Repository Arrnv/NetworkSecurity initialized!
[ 2025-01-04 07:29:52,938 ] 32 root - INFO - Start Data ingestion
[ 2025-01-04 07:29:57,781 ] 58 root - INFO - performing the train test split on the dataframe
[ 2025-01-04 07:29:57,781 ] 61 root - INFO - Exporting train test file path
[ 2025-01-04 07:29:57,815 ] 64 root - INFO - Exporting the train test files
[ 2025-01-04 07:29:57,815 ] 35 root - INFO - Data ingestion completed: DataIngestionArtifact(training_file_path='Artifacts/01_04_2025_07_28_42/data_ingested/ingested/train.csv', testing_file_path='Artifacts/01_04_2025_07_28_42/data_ingested/ingested/test.csv')
[ 2025-01-04 07:29:57,815 ] 43 root - INFO - Initiate the data Validation
[ 2025-01-04 07:29:57,830 ] 33 root - INFO - Required number of columns:31
[ 2025-01-04 07:29:57,830 ] 34 root - INFO - Data frame has columns:31
[ 2025-01-04 07:29:57,830 ] 33 root - INFO - Required number of columns:31
[ 2025-01-04 07:29:57,830 ] 34 root - INFO - Data frame has columns:31
[ 2025-01-04 07:29:57,947 ] 46 root - INFO - data Validation Completed
[ 2025-01-04 07:29:57,947 ] 54 root - INFO - data Transformation started
[ 2025-01-04 07:29:57,947 ] 65 root - INFO - Entered data transformation
[ 2025-01-04 07:29:57,947 ] 67 root - INFO - starting data transformation
[ 2025-01-04 07:29:57,965 ] 49 root - INFO - Entered get_data_trnasformer_object method of Trnasformation class
[ 2025-01-04 07:29:57,965 ] 54 root - INFO - Initialise KNNImputer with {'missing_values': nan, 'n_neighbors': 3, 'weights': 'uniform'}
[ 2025-01-04 07:29:57,979 ] 46 root - INFO - Entered the save_object method of MainUtils class
[ 2025-01-04 07:29:57,981 ] 50 root - INFO - Exited the save_object method of MainUtils class
[ 2025-01-04 07:29:57,981 ] 46 root - INFO - Entered the save_object method of MainUtils class
[ 2025-01-04 07:29:57,985 ] 50 root - INFO - Exited the save_object method of MainUtils class
[ 2025-01-04 07:29:57,986 ] 57 root - INFO - data Transformation completed
[ 2025-01-04 07:29:57,986 ] 64 root - INFO - Model traning started
[ 2025-01-04 07:29:57,989 ] 143 root - INFO - model (8291,)
[ 2025-01-04 07:31:02,998 ] 46 root - INFO - Entered the save_object method of MainUtils class
[ 2025-01-04 07:31:03,032 ] 50 root - INFO - Exited the save_object method of MainUtils class
[ 2025-01-04 07:31:03,033 ] 46 root - INFO - Entered the save_object method of MainUtils class
[ 2025-01-04 07:31:03,052 ] 50 root - INFO - Exited the save_object method of MainUtils class
[ 2025-01-04 07:31:03,052 ] 119 root - INFO - Best model: Random Forest with accuracy: 1.0
[ 2025-01-04 07:31:03,054 ] 69 root - INFO - model training complete
