[ 2025-01-04 07:14:27,456 ] 1025 httpx - INFO - HTTP Request: GET https://dagshub.com/api/v1/user "HTTP/1.1 200 OK"
[ 2025-01-04 07:14:27,479 ] 107 dagshub - INFO - Accessing as Arrnv
[ 2025-01-04 07:14:28,266 ] 1025 httpx - INFO - HTTP Request: GET https://dagshub.com/api/v1/repos/Arrnv/NetworkSecurity "HTTP/1.1 200 OK"
[ 2025-01-04 07:14:28,880 ] 1025 httpx - INFO - HTTP Request: GET https://dagshub.com/api/v1/user "HTTP/1.1 200 OK"
[ 2025-01-04 07:14:28,884 ] 107 dagshub - INFO - Initialized MLflow to track repo "Arrnv/NetworkSecurity"
[ 2025-01-04 07:14:28,885 ] 107 dagshub - INFO - Repository Arrnv/NetworkSecurity initialized!
[ 2025-01-04 07:14:38,728 ] 32 root - INFO - Start Data ingestion
[ 2025-01-04 07:14:42,147 ] 58 root - INFO - performing the train test split on the dataframe
[ 2025-01-04 07:14:42,147 ] 61 root - INFO - Exporting train test file path
[ 2025-01-04 07:14:42,181 ] 64 root - INFO - Exporting the train test files
[ 2025-01-04 07:14:42,181 ] 35 root - INFO - Data ingestion completed: DataIngestionArtifact(training_file_path='Artifacts/01_04_2025_07_14_25/data_ingested/ingested/train.csv', testing_file_path='Artifacts/01_04_2025_07_14_25/data_ingested/ingested/test.csv')
[ 2025-01-04 07:14:42,182 ] 43 root - INFO - Initiate the data Validation
[ 2025-01-04 07:14:42,197 ] 33 root - INFO - Required number of columns:31
[ 2025-01-04 07:14:42,197 ] 34 root - INFO - Data frame has columns:31
[ 2025-01-04 07:14:42,197 ] 33 root - INFO - Required number of columns:31
[ 2025-01-04 07:14:42,197 ] 34 root - INFO - Data frame has columns:31
[ 2025-01-04 07:14:42,321 ] 46 root - INFO - data Validation Completed
[ 2025-01-04 07:14:42,321 ] 54 root - INFO - data Transformation started
[ 2025-01-04 07:14:42,321 ] 65 root - INFO - Entered data transformation
[ 2025-01-04 07:14:42,321 ] 67 root - INFO - starting data transformation
[ 2025-01-04 07:14:42,335 ] 49 root - INFO - Entered get_data_trnasformer_object method of Trnasformation class
[ 2025-01-04 07:14:42,335 ] 54 root - INFO - Initialise KNNImputer with {'missing_values': nan, 'n_neighbors': 3, 'weights': 'uniform'}
[ 2025-01-04 07:14:42,349 ] 46 root - INFO - Entered the save_object method of MainUtils class
[ 2025-01-04 07:14:42,351 ] 50 root - INFO - Exited the save_object method of MainUtils class
[ 2025-01-04 07:14:42,351 ] 46 root - INFO - Entered the save_object method of MainUtils class
[ 2025-01-04 07:14:42,354 ] 50 root - INFO - Exited the save_object method of MainUtils class
[ 2025-01-04 07:14:42,354 ] 57 root - INFO - data Transformation completed
[ 2025-01-04 07:14:42,354 ] 64 root - INFO - Model traning started
[ 2025-01-04 07:14:42,356 ] 143 root - INFO - model (8291,)
[ 2025-01-04 07:15:52,143 ] 46 root - INFO - Entered the save_object method of MainUtils class
[ 2025-01-04 07:15:52,183 ] 50 root - INFO - Exited the save_object method of MainUtils class
[ 2025-01-04 07:15:52,183 ] 46 root - INFO - Entered the save_object method of MainUtils class
[ 2025-01-04 07:15:52,204 ] 50 root - INFO - Exited the save_object method of MainUtils class
[ 2025-01-04 07:15:52,204 ] 119 root - INFO - Best model: Random Forest with accuracy: 1.0
[ 2025-01-04 07:15:52,207 ] 69 root - INFO - model training complete
