[ 2025-01-04 04:48:50,742 ] 1025 httpx - INFO - HTTP Request: GET https://dagshub.com/api/v1/user "HTTP/1.1 200 OK"
[ 2025-01-04 04:48:50,745 ] 107 dagshub - INFO - Accessing as Arrnv
[ 2025-01-04 04:48:51,383 ] 1025 httpx - INFO - HTTP Request: GET https://dagshub.com/api/v1/repos/Arrnv/NetworkSecurity "HTTP/1.1 200 OK"
[ 2025-01-04 04:48:52,279 ] 1025 httpx - INFO - HTTP Request: GET https://dagshub.com/api/v1/user "HTTP/1.1 200 OK"
[ 2025-01-04 04:48:52,283 ] 107 dagshub - INFO - Initialized MLflow to track repo "Arrnv/NetworkSecurity"
[ 2025-01-04 04:48:52,284 ] 107 dagshub - INFO - Repository Arrnv/NetworkSecurity initialized!
[ 2025-01-04 04:48:52,969 ] 16 root - INFO - Initiate the data ingestion
[ 2025-01-04 04:48:57,676 ] 58 root - INFO - performing the train test split on the dataframe
[ 2025-01-04 04:48:57,676 ] 61 root - INFO - Exporting train test file path
[ 2025-01-04 04:48:57,711 ] 64 root - INFO - Exporting the train test files
[ 2025-01-04 04:48:57,711 ] 18 root - INFO - Data Initiation Completed
[ 2025-01-04 04:48:57,715 ] 22 root - INFO - Initiate the data Validation
[ 2025-01-04 04:48:57,726 ] 33 root - INFO - Required number of columns:31
[ 2025-01-04 04:48:57,726 ] 34 root - INFO - Data frame has columns:31
[ 2025-01-04 04:48:57,726 ] 33 root - INFO - Required number of columns:31
[ 2025-01-04 04:48:57,726 ] 34 root - INFO - Data frame has columns:31
[ 2025-01-04 04:48:57,831 ] 24 root - INFO - data Validation Completed
[ 2025-01-04 04:48:57,831 ] 27 root - INFO - data Transformation started
[ 2025-01-04 04:48:57,831 ] 65 root - INFO - Entered data transformation
[ 2025-01-04 04:48:57,831 ] 67 root - INFO - starting data transformation
[ 2025-01-04 04:48:57,844 ] 49 root - INFO - Entered get_data_trnasformer_object method of Trnasformation class
[ 2025-01-04 04:48:57,844 ] 54 root - INFO - Initialise KNNImputer with {'missing_values': nan, 'n_neighbors': 3, 'weights': 'uniform'}
[ 2025-01-04 04:48:57,854 ] 46 root - INFO - Entered the save_object method of MainUtils class
[ 2025-01-04 04:48:57,857 ] 50 root - INFO - Exited the save_object method of MainUtils class
[ 2025-01-04 04:48:57,857 ] 46 root - INFO - Entered the save_object method of MainUtils class
[ 2025-01-04 04:48:57,860 ] 50 root - INFO - Exited the save_object method of MainUtils class
[ 2025-01-04 04:48:57,861 ] 31 root - INFO - data Transformation completed
[ 2025-01-04 04:48:57,861 ] 32 root - INFO - Model Training stared
[ 2025-01-04 04:48:57,863 ] 143 root - INFO - model (8291,)
